android/sdk/build/intermediates/manifest_merge_blame_file/release/manifest-merger-blame-release-report.txt
1<?xml version="1.0" encoding="utf-8"?>
2<manifest xmlns:android="http://schemas.android.com/apk/res/android"
3    package="org.jitsi.meet.sdk" >
4
5    <uses-sdk
6        android:minSdkVersion="23"
6-->src/main/AndroidManifest.xml
7        android:targetSdkVersion="29" />
7-->src/main/AndroidManifest.xml
8    <!-- XXX ACCESS_NETWORK_STATE is required by WebRTC. -->
9    <uses-permission android:name="android.permission.ACCESS_NETWORK_STATE" />
9-->src/main/AndroidManifest.xml:5:5-79
9-->src/main/AndroidManifest.xml:5:22-76
10    <uses-permission android:name="android.permission.BLUETOOTH" />
10-->src/main/AndroidManifest.xml:6:5-68
10-->src/main/AndroidManifest.xml:6:22-65
11    <uses-permission android:name="android.permission.CAMERA" />
11-->src/main/AndroidManifest.xml:7:5-65
11-->src/main/AndroidManifest.xml:7:22-62
12    <uses-permission android:name="android.permission.INTERNET" />
12-->src/main/AndroidManifest.xml:8:5-67
12-->src/main/AndroidManifest.xml:8:22-64
13    <uses-permission android:name="android.permission.MANAGE_OWN_CALLS" />
13-->src/main/AndroidManifest.xml:9:5-75
13-->src/main/AndroidManifest.xml:9:22-72
14    <uses-permission android:name="android.permission.MODIFY_AUDIO_SETTINGS" />
14-->src/main/AndroidManifest.xml:10:5-80
14-->src/main/AndroidManifest.xml:10:22-77
15    <uses-permission android:name="android.permission.RECORD_AUDIO" />
15-->src/main/AndroidManifest.xml:11:5-71
15-->src/main/AndroidManifest.xml:11:22-68
16    <uses-permission android:name="android.permission.SYSTEM_ALERT_WINDOW" />
16-->src/main/AndroidManifest.xml:12:5-78
16-->src/main/AndroidManifest.xml:12:22-75
17    <uses-permission android:name="android.permission.WAKE_LOCK" />
17-->src/main/AndroidManifest.xml:13:5-68
17-->src/main/AndroidManifest.xml:13:22-65
18    <uses-permission android:name="android.permission.ACCESS_WIFI_STATE" />
18-->src/main/AndroidManifest.xml:14:5-76
18-->src/main/AndroidManifest.xml:14:22-73
19    <uses-permission android:name="android.permission.FOREGROUND_SERVICE" />
19-->src/main/AndroidManifest.xml:15:5-77
19-->src/main/AndroidManifest.xml:15:22-74
20
21    <uses-feature
21-->src/main/AndroidManifest.xml:17:5-19:35
22        android:glEsVersion="0x00020000"
22-->src/main/AndroidManifest.xml:18:9-41
23        android:required="true" />
23-->src/main/AndroidManifest.xml:19:9-32
24    <uses-feature
24-->src/main/AndroidManifest.xml:20:5-22:36
25        android:name="android.hardware.camera"
25-->src/main/AndroidManifest.xml:21:9-47
26        android:required="false" />
26-->src/main/AndroidManifest.xml:22:9-33
27    <uses-feature
27-->src/main/AndroidManifest.xml:23:5-25:36
28        android:name="android.hardware.camera.autofocus"
28-->src/main/AndroidManifest.xml:24:9-57
29        android:required="false" />
29-->src/main/AndroidManifest.xml:25:9-33
30
31    <application
31-->src/main/AndroidManifest.xml:27:5-51:19
32        android:allowBackup="true"
32-->src/main/AndroidManifest.xml:28:9-35
33        android:label="@string/app_name"
33-->src/main/AndroidManifest.xml:29:9-41
34        android:supportsRtl="true" >
34-->src/main/AndroidManifest.xml:30:9-35
35        <activity
35-->src/main/AndroidManifest.xml:31:9-37:67
36            android:name="org.jitsi.meet.sdk.JitsiMeetActivity"
36-->src/main/AndroidManifest.xml:32:13-46
37            android:configChanges="keyboard|keyboardHidden|orientation|screenLayout|screenSize|smallestScreenSize"
37-->src/main/AndroidManifest.xml:33:13-115
38            android:launchMode="singleTask"
38-->src/main/AndroidManifest.xml:34:13-44
39            android:resizeableActivity="true"
39-->src/main/AndroidManifest.xml:35:13-46
40            android:supportsPictureInPicture="true"
40-->src/main/AndroidManifest.xml:36:13-52
41            android:windowSoftInputMode="adjustResize" />
41-->src/main/AndroidManifest.xml:37:13-55
42        <activity android:name="com.facebook.react.devsupport.DevSettingsActivity" />
42-->src/main/AndroidManifest.xml:38:9-86
42-->src/main/AndroidManifest.xml:38:19-83
43
44        <service
44-->src/main/AndroidManifest.xml:40:9-46:19
45            android:name="org.jitsi.meet.sdk.ConnectionService"
45-->src/main/AndroidManifest.xml:41:13-46
46            android:permission="android.permission.BIND_TELECOM_CONNECTION_SERVICE" >
46-->src/main/AndroidManifest.xml:42:13-84
47            <intent-filter>
47-->src/main/AndroidManifest.xml:43:13-45:29
48                <action android:name="android.telecom.ConnectionService" />
48-->src/main/AndroidManifest.xml:44:17-76
48-->src/main/AndroidManifest.xml:44:25-73
49            </intent-filter>
50        </service>
51        <service
51-->src/main/AndroidManifest.xml:48:9-50:63
52            android:name="org.jitsi.meet.sdk.JitsiMeetOngoingConferenceService"
52-->src/main/AndroidManifest.xml:49:13-80
53            android:foregroundServiceType="mediaProjection" />
53-->src/main/AndroidManifest.xml:50:13-60
54    </application>
55
56</manifest>